\BOOKMARK [0][-]{chapter.1}{PART 1}{}% 1
\BOOKMARK [1][-]{section.1.1}{Misc To say}{chapter.1}% 2
\BOOKMARK [1][-]{section.1.2}{Introduction}{chapter.1}% 3
\BOOKMARK [1][-]{section.1.3}{Cells}{chapter.1}% 4
\BOOKMARK [2][-]{subsection.1.3.1}{Cell Motility}{section.1.3}% 5
\BOOKMARK [2][-]{subsection.1.3.2}{Cell Division}{section.1.3}% 6
\BOOKMARK [2][-]{subsection.1.3.3}{Cell Organelle}{section.1.3}% 7
\BOOKMARK [2][-]{subsection.1.3.4}{Description of cell}{section.1.3}% 8
\BOOKMARK [1][-]{section.1.4}{Cytoskeleton}{chapter.1}% 9
\BOOKMARK [1][-]{section.1.5}{Myosis}{chapter.1}% 10
\BOOKMARK [1][-]{section.1.6}{Active and Passive microrheologie}{chapter.1}% 11
\BOOKMARK [1][-]{section.1.7}{Optical tweezer}{chapter.1}% 12
\BOOKMARK [0][-]{chapter.2}{Materials and methods}{}% 13
\BOOKMARK [1][-]{section.2.1}{Actin}{chapter.2}% 14
\BOOKMARK [1][-]{section.2.2}{Profiline}{chapter.2}% 15
\BOOKMARK [1][-]{section.2.3}{Arp2/3}{chapter.2}% 16
\BOOKMARK [1][-]{section.2.4}{Bead Motility}{chapter.2}% 17
\BOOKMARK [1][-]{section.2.5}{3D fitting}{chapter.2}% 18
\BOOKMARK [1][-]{section.2.6}{?? ?? ??}{chapter.2}% 19
\BOOKMARK [0][-]{chapter.3}{Results}{}% 20
\BOOKMARK [1][-]{section.3.1}{Actin Cloud}{chapter.3}% 21
\BOOKMARK [1][-]{section.3.2}{Doublets}{chapter.3}% 22
\BOOKMARK [1][-]{section.3.3}{Oocytes}{chapter.3}% 23
\BOOKMARK [0][-]{chapter.4}{Discussion}{}% 24
\BOOKMARK [0][-]{chapter.5}{Optical Trap Setup}{}% 25
\BOOKMARK [1][-]{section.5.1}{Preface}{chapter.5}% 26
\BOOKMARK [1][-]{section.5.2}{Choice of experimental tools}{chapter.5}% 27
\BOOKMARK [0][-]{chapter.6}{Liposome doublets}{}% 28
\BOOKMARK [1][-]{section.6.1}{Relating Doublets to Living cell}{chapter.6}% 29
\BOOKMARK [1][-]{section.6.2}{Doublets geometric parameter}{chapter.6}% 30
\BOOKMARK [2][-]{subsection.6.2.1}{Finding a single liposome}{section.6.2}% 31
\BOOKMARK [0][-]{chapter.7}{References}{}% 32
